/*C104*/SET SCHEMA PUBLIC
DROP TABLE BOOKINGS IF EXISTS
DROP TABLE CARS IF EXISTS
DROP TABLE CUSTOMERS IF EXISTS
CREATE TABLE CARS (id VARCHAR(12) PRIMARY KEY, brand VARCHAR(80), active BOOLEAN)
INSERT INTO CARS VALUES('KA-PA 656','Honda',TRUE)
INSERT INTO CARS VALUES('KA-GB 652','VW',TRUE)
INSERT INTO CARS VALUES('M-LI 200','BMW',TRUE)
INSERT INTO CARS VALUES('RV-HS 1000','BMW',TRUE)
INSERT INTO CARS VALUES('FN-TT 999','Audi',TRUE)
COMMIT
CREATE TABLE CUSTOMERS (id VARCHAR(8) PRIMARY KEY, name VARCHAR(80), firstName VARCHAR(80))
INSERT INTO CUSTOMERS VALUES('00001000','Hopper','Grace')
INSERT INTO CUSTOMERS VALUES('00001001','Noether','Emmy')
INSERT INTO CUSTOMERS VALUES('00001002','Lovelace','Ada')
INSERT INTO CUSTOMERS VALUES('00001003','Turing','Alan')
COMMIT
CREATE TABLE BOOKINGS (car_id VARCHAR(12), customer_id VARCHAR(8), start DATE, end DATE, state INTEGER,  constraint PK_STOCK PRIMARY KEY (car_id, start, end), constraint FK_CARS FOREIGN KEY (car_id) REFERENCES CARS(id), constraint FK_CUSTOMERS FOREIGN KEY (customer_id) REFERENCES CUSTOMERS(id))
INSERT INTO BOOKINGS VALUES('KA-PA 656','00001002','2020-04-03','2020-04-06',0)
INSERT INTO BOOKINGS VALUES('M-LI 200','00001001','2020-04-16','2020-04-26',2)
INSERT INTO BOOKINGS VALUES('FN-TT 999','00001000','2020-04-18','2020-05-02',2)
INSERT INTO BOOKINGS VALUES('RV-HS 1000','00001003','2020-03-22','2020-04-28',1)
COMMIT
DISCONNECT
/*C105*/SET SCHEMA PUBLIC
DISCONNECT
/*C106*/SET SCHEMA PUBLIC
DISCONNECT
/*C107*/SET SCHEMA PUBLIC
DISCONNECT
/*C108*/SET SCHEMA PUBLIC
DISCONNECT
/*C109*/SET SCHEMA PUBLIC
DISCONNECT
/*C110*/SET SCHEMA PUBLIC
DISCONNECT
/*C111*/SET SCHEMA PUBLIC
DISCONNECT
/*C112*/SET SCHEMA PUBLIC
DISCONNECT
/*C113*/SET SCHEMA PUBLIC
DISCONNECT
/*C114*/SET SCHEMA PUBLIC
DISCONNECT
/*C115*/SET SCHEMA PUBLIC
DISCONNECT
/*C116*/SET SCHEMA PUBLIC
DISCONNECT
/*C117*/SET SCHEMA PUBLIC
DISCONNECT
/*C118*/SET SCHEMA PUBLIC
DISCONNECT
/*C119*/SET SCHEMA PUBLIC
DISCONNECT
/*C120*/SET SCHEMA PUBLIC
DISCONNECT
/*C121*/SET SCHEMA PUBLIC
DISCONNECT
/*C122*/SET SCHEMA PUBLIC
DISCONNECT
/*C123*/SET SCHEMA PUBLIC
DISCONNECT
/*C124*/SET SCHEMA PUBLIC
DISCONNECT
/*C125*/SET SCHEMA PUBLIC
DISCONNECT
/*C126*/SET SCHEMA PUBLIC
DISCONNECT
/*C127*/SET SCHEMA PUBLIC
DISCONNECT
/*C128*/SET SCHEMA PUBLIC
DISCONNECT
/*C129*/SET SCHEMA PUBLIC
DISCONNECT
/*C130*/SET SCHEMA PUBLIC
DISCONNECT
/*C131*/SET SCHEMA PUBLIC
DISCONNECT
/*C132*/SET SCHEMA PUBLIC
DISCONNECT
/*C133*/SET SCHEMA PUBLIC
DISCONNECT
